
================== ASTRAL ===================== 

This is ASTRAL version 5.7.3
Gene trees are treated as unrooted
421 trees read from concat_best.tre
All output trees will be *arbitrarily* rooted at Schlechtendalia_luzulaefolia

======== Running the main analysis
Number of taxa: 9 (9 species)
Taxa: [Schlechtendalia_luzulaefolia, Scaveola_tomentosa, Gongylolepis_benthamania, Hyalis_argentea, Famatinanthus_sp, Barnadesia_arborea, Nastanthus_patagonicus, Fulcaldea_stuessyi, Chuquiraga_sp]
Taxon occupancy: {Chuquiraga_sp=95, Scaveola_tomentosa=319, Famatinanthus_sp=228, Nastanthus_patagonicus=230, Schlechtendalia_luzulaefolia=259, Fulcaldea_stuessyi=256, Hyalis_argentea=317, Barnadesia_arborea=300, Gongylolepis_benthamania=313}
Number of gene trees: 421
416 trees have missing taxa
Calculating quartet distance matrix (for completion of X)
Species tree distances calculated ...
Will attempt to complete bipartitions from X before adding using a distance matrix.
Building set of clusters (X) from gene trees 
------------------------------
gradient0: 151
Number of Clusters after addition by distance: 151
calculating extra bipartitions to be added at level 1 ...
Adding to X using resolutions of greedy consensus ...
Limit for sigma of degrees:275
polytomy size limit : 3
discarded polytomies:  []
Threshold 0.0:
Threshold 0.01:
Threshold 0.02:
Threshold 0.05:
Threshold 0.1:
Threshold 0.2:
Threshold 0.3333333333333333:
max k is :0
Number of Clusters after addition by greedy: 151
gradient0 in heuristiic: 151
partitions formed in 0.269 secs
Dynamic Programming starting after 0.269 secs
Using tree-based weight calculation.
Using polytree-based weight calculation.
Polytree max score: 6969
Polytree building time: 0.035 seconds.
Number of quartet trees in the gene trees: 6969
Size of largest cluster: 9
Greedy score: 5138
estimationFactor: 1.3563643441027637
Sub-optimal score: 5138
Total Number of elements weighted: 289
Normalized score (portion of input quartet trees satisfied before correcting for multiple individuals): 0.7790213803989094
Optimization score: 5429
Optimal tree inferred in 0.454 secs.
(Scaveola_tomentosa,(Nastanthus_patagonicus,((Famatinanthus_sp,(Gongylolepis_benthamania,Hyalis_argentea)),(Schlechtendalia_luzulaefolia,(Fulcaldea_stuessyi,(Barnadesia_arborea,Chuquiraga_sp))))));
Final quartet score is: 5429
Final normalized quartet score is: 0.7790213803989094
(Schlechtendalia_luzulaefolia,((Fulcaldea_stuessyi,(Barnadesia_arborea,Chuquiraga_sp)0.71:0.11870675761072086)1:0.22792596119442465,((Famatinanthus_sp,(Gongylolepis_benthamania,Hyalis_argentea)1:0.8909014978693353)1:1.4950182800401461,(Nastanthus_patagonicus,Scaveola_tomentosa)1:0.19813943303634055)1:1.1064554661291353));
Weight calculation took 0.076130859 secs
ASTRAL finished in 0.893 secs
