(Fulcaldea_stuessyi,((((Gongylolepis_benthamania,Hyalis_argentea),Famatinanthus_sp),(Scaveola_tomentosa,Nastanthus_patagonicus)),(Schlechtendalia_luzulaefolia,Chuquiraga_sp)),Barnadesia_arborea);
(Fulcaldea_stuessyi,((((Gongylolepis_benthamania,Hyalis_argentea),Famatinanthus_sp),(Scaveola_tomentosa,Nastanthus_patagonicus)),(Schlechtendalia_luzulaefolia,Chuquiraga_sp)),Barnadesia_arborea);
(Fulcaldea_stuessyi,((((Gongylolepis_benthamania,Hyalis_argentea),Famatinanthus_sp),(Scaveola_tomentosa,Nastanthus_patagonicus)),(Schlechtendalia_luzulaefolia,Chuquiraga_sp)),Barnadesia_arborea);
(Fulcaldea_stuessyi,((((Gongylolepis_benthamania,Hyalis_argentea),Famatinanthus_sp),(Scaveola_tomentosa,Nastanthus_patagonicus)),(Schlechtendalia_luzulaefolia,Chuquiraga_sp)),Barnadesia_arborea);
(Fulcaldea_stuessyi,(Schlechtendalia_luzulaefolia,(Chuquiraga_sp,(((Gongylolepis_benthamania,Hyalis_argentea),Famatinanthus_sp),(Scaveola_tomentosa,Nastanthus_patagonicus)))),Barnadesia_arborea);
(Fulcaldea_stuessyi,((((Gongylolepis_benthamania,Hyalis_argentea),Famatinanthus_sp),(Scaveola_tomentosa,Nastanthus_patagonicus)),(Schlechtendalia_luzulaefolia,Chuquiraga_sp)),Barnadesia_arborea);
(Fulcaldea_stuessyi,((((Gongylolepis_benthamania,Hyalis_argentea),Famatinanthus_sp),(Scaveola_tomentosa,Nastanthus_patagonicus)),(Schlechtendalia_luzulaefolia,Chuquiraga_sp)),Barnadesia_arborea);
(Fulcaldea_stuessyi,((((Gongylolepis_benthamania,Hyalis_argentea),Famatinanthus_sp),(Scaveola_tomentosa,Nastanthus_patagonicus)),(Schlechtendalia_luzulaefolia,Chuquiraga_sp)),Barnadesia_arborea);
(Fulcaldea_stuessyi,((((Gongylolepis_benthamania,Hyalis_argentea),Famatinanthus_sp),(Scaveola_tomentosa,Nastanthus_patagonicus)),(Schlechtendalia_luzulaefolia,Chuquiraga_sp)),Barnadesia_arborea);
(Fulcaldea_stuessyi,((((Gongylolepis_benthamania,Hyalis_argentea),Famatinanthus_sp),(Scaveola_tomentosa,Nastanthus_patagonicus)),(Schlechtendalia_luzulaefolia,Chuquiraga_sp)),Barnadesia_arborea);
(Fulcaldea_stuessyi,((Schlechtendalia_luzulaefolia,Chuquiraga_sp),((Nastanthus_patagonicus,Scaveola_tomentosa),(Famatinanthus_sp,(Hyalis_argentea,Gongylolepis_benthamania)))),Barnadesia_arborea);
(Fulcaldea_stuessyi,((Schlechtendalia_luzulaefolia,Chuquiraga_sp),((Nastanthus_patagonicus,Scaveola_tomentosa),(Famatinanthus_sp,(Hyalis_argentea,Gongylolepis_benthamania)))),Barnadesia_arborea);
(Fulcaldea_stuessyi,((Schlechtendalia_luzulaefolia,Chuquiraga_sp),((Nastanthus_patagonicus,Scaveola_tomentosa),(Famatinanthus_sp,(Hyalis_argentea,Gongylolepis_benthamania)))),Barnadesia_arborea);
(Fulcaldea_stuessyi,((Schlechtendalia_luzulaefolia,Chuquiraga_sp),((Nastanthus_patagonicus,Scaveola_tomentosa),(Famatinanthus_sp,(Hyalis_argentea,Gongylolepis_benthamania)))),Barnadesia_arborea);
(Fulcaldea_stuessyi,((Schlechtendalia_luzulaefolia,Chuquiraga_sp),((Nastanthus_patagonicus,Scaveola_tomentosa),(Famatinanthus_sp,(Hyalis_argentea,Gongylolepis_benthamania)))),Barnadesia_arborea);
(Fulcaldea_stuessyi,(Schlechtendalia_luzulaefolia,(Chuquiraga_sp,((Nastanthus_patagonicus,Scaveola_tomentosa),(Famatinanthus_sp,(Hyalis_argentea,Gongylolepis_benthamania))))),Barnadesia_arborea);
(Fulcaldea_stuessyi,(Schlechtendalia_luzulaefolia,(Chuquiraga_sp,((Nastanthus_patagonicus,Scaveola_tomentosa),(Famatinanthus_sp,(Hyalis_argentea,Gongylolepis_benthamania))))),Barnadesia_arborea);
(Fulcaldea_stuessyi,(Schlechtendalia_luzulaefolia,(Chuquiraga_sp,((Nastanthus_patagonicus,Scaveola_tomentosa),(Famatinanthus_sp,(Hyalis_argentea,Gongylolepis_benthamania))))),Barnadesia_arborea);
(Fulcaldea_stuessyi,(((Nastanthus_patagonicus,Scaveola_tomentosa),(Famatinanthus_sp,(Hyalis_argentea,Gongylolepis_benthamania))),(Schlechtendalia_luzulaefolia,Chuquiraga_sp)),Barnadesia_arborea);
(Fulcaldea_stuessyi,(Schlechtendalia_luzulaefolia,(Chuquiraga_sp,((Nastanthus_patagonicus,Scaveola_tomentosa),(Famatinanthus_sp,(Hyalis_argentea,Gongylolepis_benthamania))))),Barnadesia_arborea);
(Fulcaldea_stuessyi,((((Gongylolepis_benthamania,Hyalis_argentea),Famatinanthus_sp),(Nastanthus_patagonicus,Scaveola_tomentosa)),(Chuquiraga_sp,Schlechtendalia_luzulaefolia)),Barnadesia_arborea);
(Fulcaldea_stuessyi,(Schlechtendalia_luzulaefolia,((((Gongylolepis_benthamania,Hyalis_argentea),Famatinanthus_sp),(Nastanthus_patagonicus,Scaveola_tomentosa)),Chuquiraga_sp)),Barnadesia_arborea);
(Fulcaldea_stuessyi,((((Gongylolepis_benthamania,Hyalis_argentea),Famatinanthus_sp),(Nastanthus_patagonicus,Scaveola_tomentosa)),(Chuquiraga_sp,Schlechtendalia_luzulaefolia)),Barnadesia_arborea);
(Fulcaldea_stuessyi,((((Gongylolepis_benthamania,Hyalis_argentea),Famatinanthus_sp),(Nastanthus_patagonicus,Scaveola_tomentosa)),(Chuquiraga_sp,Schlechtendalia_luzulaefolia)),Barnadesia_arborea);
(Fulcaldea_stuessyi,((((Gongylolepis_benthamania,Hyalis_argentea),Famatinanthus_sp),(Nastanthus_patagonicus,Scaveola_tomentosa)),(Chuquiraga_sp,Schlechtendalia_luzulaefolia)),Barnadesia_arborea);
(Fulcaldea_stuessyi,(Schlechtendalia_luzulaefolia,((((Gongylolepis_benthamania,Hyalis_argentea),Famatinanthus_sp),(Nastanthus_patagonicus,Scaveola_tomentosa)),Chuquiraga_sp)),Barnadesia_arborea);
(Fulcaldea_stuessyi,((((Gongylolepis_benthamania,Hyalis_argentea),Famatinanthus_sp),(Nastanthus_patagonicus,Scaveola_tomentosa)),(Chuquiraga_sp,Schlechtendalia_luzulaefolia)),Barnadesia_arborea);
(Fulcaldea_stuessyi,((((Gongylolepis_benthamania,Hyalis_argentea),Famatinanthus_sp),(Nastanthus_patagonicus,Scaveola_tomentosa)),(Chuquiraga_sp,Schlechtendalia_luzulaefolia)),Barnadesia_arborea);
(Fulcaldea_stuessyi,(Schlechtendalia_luzulaefolia,((((Gongylolepis_benthamania,Hyalis_argentea),Famatinanthus_sp),(Nastanthus_patagonicus,Scaveola_tomentosa)),Chuquiraga_sp)),Barnadesia_arborea);
(Fulcaldea_stuessyi,(Schlechtendalia_luzulaefolia,((((Gongylolepis_benthamania,Hyalis_argentea),Famatinanthus_sp),(Nastanthus_patagonicus,Scaveola_tomentosa)),Chuquiraga_sp)),Barnadesia_arborea);
(Fulcaldea_stuessyi,(((Scaveola_tomentosa,Nastanthus_patagonicus),((Hyalis_argentea,Gongylolepis_benthamania),Famatinanthus_sp)),(Schlechtendalia_luzulaefolia,Chuquiraga_sp)),Barnadesia_arborea);
(Fulcaldea_stuessyi,(((Scaveola_tomentosa,Nastanthus_patagonicus),((Hyalis_argentea,Gongylolepis_benthamania),Famatinanthus_sp)),(Schlechtendalia_luzulaefolia,Chuquiraga_sp)),Barnadesia_arborea);
(Fulcaldea_stuessyi,(Schlechtendalia_luzulaefolia,(Chuquiraga_sp,((Scaveola_tomentosa,Nastanthus_patagonicus),((Hyalis_argentea,Gongylolepis_benthamania),Famatinanthus_sp)))),Barnadesia_arborea);
(Fulcaldea_stuessyi,(((Scaveola_tomentosa,Nastanthus_patagonicus),((Hyalis_argentea,Gongylolepis_benthamania),Famatinanthus_sp)),(Schlechtendalia_luzulaefolia,Chuquiraga_sp)),Barnadesia_arborea);
(Fulcaldea_stuessyi,(Schlechtendalia_luzulaefolia,(Chuquiraga_sp,((Scaveola_tomentosa,Nastanthus_patagonicus),((Hyalis_argentea,Gongylolepis_benthamania),Famatinanthus_sp)))),Barnadesia_arborea);
(Fulcaldea_stuessyi,(((Scaveola_tomentosa,Nastanthus_patagonicus),((Hyalis_argentea,Gongylolepis_benthamania),Famatinanthus_sp)),(Schlechtendalia_luzulaefolia,Chuquiraga_sp)),Barnadesia_arborea);
(Fulcaldea_stuessyi,(Schlechtendalia_luzulaefolia,(Chuquiraga_sp,((Scaveola_tomentosa,Nastanthus_patagonicus),((Hyalis_argentea,Gongylolepis_benthamania),Famatinanthus_sp)))),Barnadesia_arborea);
(Fulcaldea_stuessyi,(((Scaveola_tomentosa,Nastanthus_patagonicus),((Hyalis_argentea,Gongylolepis_benthamania),Famatinanthus_sp)),(Schlechtendalia_luzulaefolia,Chuquiraga_sp)),Barnadesia_arborea);
(Fulcaldea_stuessyi,(((Scaveola_tomentosa,Nastanthus_patagonicus),((Hyalis_argentea,Gongylolepis_benthamania),Famatinanthus_sp)),(Schlechtendalia_luzulaefolia,Chuquiraga_sp)),Barnadesia_arborea);
(Fulcaldea_stuessyi,(((Scaveola_tomentosa,Nastanthus_patagonicus),((Hyalis_argentea,Gongylolepis_benthamania),Famatinanthus_sp)),(Schlechtendalia_luzulaefolia,Chuquiraga_sp)),Barnadesia_arborea);
((((Famatinanthus_sp,(Gongylolepis_benthamania,Hyalis_argentea)),(Scaveola_tomentosa,Nastanthus_patagonicus)),(Schlechtendalia_luzulaefolia,Chuquiraga_sp)),Fulcaldea_stuessyi,Barnadesia_arborea);
((((Famatinanthus_sp,(Gongylolepis_benthamania,Hyalis_argentea)),(Scaveola_tomentosa,Nastanthus_patagonicus)),(Schlechtendalia_luzulaefolia,Chuquiraga_sp)),Fulcaldea_stuessyi,Barnadesia_arborea);
((((Famatinanthus_sp,(Gongylolepis_benthamania,Hyalis_argentea)),(Scaveola_tomentosa,Nastanthus_patagonicus)),(Schlechtendalia_luzulaefolia,Chuquiraga_sp)),Fulcaldea_stuessyi,Barnadesia_arborea);
((((Famatinanthus_sp,(Gongylolepis_benthamania,Hyalis_argentea)),(Scaveola_tomentosa,Nastanthus_patagonicus)),(Schlechtendalia_luzulaefolia,Chuquiraga_sp)),Fulcaldea_stuessyi,Barnadesia_arborea);
((((Famatinanthus_sp,(Gongylolepis_benthamania,Hyalis_argentea)),(Scaveola_tomentosa,Nastanthus_patagonicus)),(Schlechtendalia_luzulaefolia,Chuquiraga_sp)),Fulcaldea_stuessyi,Barnadesia_arborea);
((((Famatinanthus_sp,(Gongylolepis_benthamania,Hyalis_argentea)),(Scaveola_tomentosa,Nastanthus_patagonicus)),(Schlechtendalia_luzulaefolia,Chuquiraga_sp)),Fulcaldea_stuessyi,Barnadesia_arborea);
((((Famatinanthus_sp,(Gongylolepis_benthamania,Hyalis_argentea)),(Scaveola_tomentosa,Nastanthus_patagonicus)),(Schlechtendalia_luzulaefolia,Chuquiraga_sp)),Fulcaldea_stuessyi,Barnadesia_arborea);
((((Famatinanthus_sp,(Gongylolepis_benthamania,Hyalis_argentea)),(Scaveola_tomentosa,Nastanthus_patagonicus)),(Schlechtendalia_luzulaefolia,Chuquiraga_sp)),Fulcaldea_stuessyi,Barnadesia_arborea);
((((Famatinanthus_sp,(Gongylolepis_benthamania,Hyalis_argentea)),(Scaveola_tomentosa,Nastanthus_patagonicus)),(Schlechtendalia_luzulaefolia,Chuquiraga_sp)),Fulcaldea_stuessyi,Barnadesia_arborea);
((((Famatinanthus_sp,(Gongylolepis_benthamania,Hyalis_argentea)),(Scaveola_tomentosa,Nastanthus_patagonicus)),(Schlechtendalia_luzulaefolia,Chuquiraga_sp)),Fulcaldea_stuessyi,Barnadesia_arborea);
(Fulcaldea_stuessyi,(((Scaveola_tomentosa,Nastanthus_patagonicus),((Hyalis_argentea,Gongylolepis_benthamania),Famatinanthus_sp)),(Chuquiraga_sp,Schlechtendalia_luzulaefolia)),Barnadesia_arborea);
(Fulcaldea_stuessyi,(((Scaveola_tomentosa,Nastanthus_patagonicus),((Hyalis_argentea,Gongylolepis_benthamania),Famatinanthus_sp)),(Chuquiraga_sp,Schlechtendalia_luzulaefolia)),Barnadesia_arborea);
(Fulcaldea_stuessyi,(Schlechtendalia_luzulaefolia,(((Scaveola_tomentosa,Nastanthus_patagonicus),((Hyalis_argentea,Gongylolepis_benthamania),Famatinanthus_sp)),Chuquiraga_sp)),Barnadesia_arborea);
(Fulcaldea_stuessyi,(Schlechtendalia_luzulaefolia,(((Scaveola_tomentosa,Nastanthus_patagonicus),((Hyalis_argentea,Gongylolepis_benthamania),Famatinanthus_sp)),Chuquiraga_sp)),Barnadesia_arborea);
(Fulcaldea_stuessyi,(((Scaveola_tomentosa,Nastanthus_patagonicus),((Hyalis_argentea,Gongylolepis_benthamania),Famatinanthus_sp)),(Chuquiraga_sp,Schlechtendalia_luzulaefolia)),Barnadesia_arborea);
(Fulcaldea_stuessyi,(((Scaveola_tomentosa,Nastanthus_patagonicus),((Hyalis_argentea,Gongylolepis_benthamania),Famatinanthus_sp)),(Chuquiraga_sp,Schlechtendalia_luzulaefolia)),Barnadesia_arborea);
(Fulcaldea_stuessyi,(Schlechtendalia_luzulaefolia,(((Scaveola_tomentosa,Nastanthus_patagonicus),((Hyalis_argentea,Gongylolepis_benthamania),Famatinanthus_sp)),Chuquiraga_sp)),Barnadesia_arborea);
(Fulcaldea_stuessyi,(Schlechtendalia_luzulaefolia,(((Scaveola_tomentosa,Nastanthus_patagonicus),((Hyalis_argentea,Gongylolepis_benthamania),Famatinanthus_sp)),Chuquiraga_sp)),Barnadesia_arborea);
(Fulcaldea_stuessyi,(((Scaveola_tomentosa,Nastanthus_patagonicus),((Hyalis_argentea,Gongylolepis_benthamania),Famatinanthus_sp)),(Chuquiraga_sp,Schlechtendalia_luzulaefolia)),Barnadesia_arborea);
(Fulcaldea_stuessyi,(((Scaveola_tomentosa,Nastanthus_patagonicus),((Hyalis_argentea,Gongylolepis_benthamania),Famatinanthus_sp)),(Chuquiraga_sp,Schlechtendalia_luzulaefolia)),Barnadesia_arborea);
((Schlechtendalia_luzulaefolia,(((Nastanthus_patagonicus,Scaveola_tomentosa),((Gongylolepis_benthamania,Hyalis_argentea),Famatinanthus_sp)),Chuquiraga_sp)),Fulcaldea_stuessyi,Barnadesia_arborea);
((((Nastanthus_patagonicus,Scaveola_tomentosa),((Gongylolepis_benthamania,Hyalis_argentea),Famatinanthus_sp)),(Chuquiraga_sp,Schlechtendalia_luzulaefolia)),Fulcaldea_stuessyi,Barnadesia_arborea);
((((Nastanthus_patagonicus,Scaveola_tomentosa),((Gongylolepis_benthamania,Hyalis_argentea),Famatinanthus_sp)),(Chuquiraga_sp,Schlechtendalia_luzulaefolia)),Fulcaldea_stuessyi,Barnadesia_arborea);
((((Nastanthus_patagonicus,Scaveola_tomentosa),((Gongylolepis_benthamania,Hyalis_argentea),Famatinanthus_sp)),(Chuquiraga_sp,Schlechtendalia_luzulaefolia)),Fulcaldea_stuessyi,Barnadesia_arborea);
((((Nastanthus_patagonicus,Scaveola_tomentosa),((Gongylolepis_benthamania,Hyalis_argentea),Famatinanthus_sp)),(Chuquiraga_sp,Schlechtendalia_luzulaefolia)),Fulcaldea_stuessyi,Barnadesia_arborea);
((((Nastanthus_patagonicus,Scaveola_tomentosa),((Gongylolepis_benthamania,Hyalis_argentea),Famatinanthus_sp)),(Chuquiraga_sp,Schlechtendalia_luzulaefolia)),Fulcaldea_stuessyi,Barnadesia_arborea);
((((Nastanthus_patagonicus,Scaveola_tomentosa),((Gongylolepis_benthamania,Hyalis_argentea),Famatinanthus_sp)),(Chuquiraga_sp,Schlechtendalia_luzulaefolia)),Fulcaldea_stuessyi,Barnadesia_arborea);
((((Nastanthus_patagonicus,Scaveola_tomentosa),((Gongylolepis_benthamania,Hyalis_argentea),Famatinanthus_sp)),(Chuquiraga_sp,Schlechtendalia_luzulaefolia)),Fulcaldea_stuessyi,Barnadesia_arborea);
((((Nastanthus_patagonicus,Scaveola_tomentosa),((Gongylolepis_benthamania,Hyalis_argentea),Famatinanthus_sp)),(Chuquiraga_sp,Schlechtendalia_luzulaefolia)),Fulcaldea_stuessyi,Barnadesia_arborea);
((((Nastanthus_patagonicus,Scaveola_tomentosa),((Gongylolepis_benthamania,Hyalis_argentea),Famatinanthus_sp)),(Chuquiraga_sp,Schlechtendalia_luzulaefolia)),Fulcaldea_stuessyi,Barnadesia_arborea);
(Fulcaldea_stuessyi,(Schlechtendalia_luzulaefolia,(Chuquiraga_sp,(((Hyalis_argentea,Gongylolepis_benthamania),Famatinanthus_sp),(Scaveola_tomentosa,Nastanthus_patagonicus)))),Barnadesia_arborea);
(Fulcaldea_stuessyi,((((Hyalis_argentea,Gongylolepis_benthamania),Famatinanthus_sp),(Scaveola_tomentosa,Nastanthus_patagonicus)),(Schlechtendalia_luzulaefolia,Chuquiraga_sp)),Barnadesia_arborea);
(Fulcaldea_stuessyi,((((Hyalis_argentea,Gongylolepis_benthamania),Famatinanthus_sp),(Scaveola_tomentosa,Nastanthus_patagonicus)),(Schlechtendalia_luzulaefolia,Chuquiraga_sp)),Barnadesia_arborea);
(Fulcaldea_stuessyi,((((Hyalis_argentea,Gongylolepis_benthamania),Famatinanthus_sp),(Scaveola_tomentosa,Nastanthus_patagonicus)),(Schlechtendalia_luzulaefolia,Chuquiraga_sp)),Barnadesia_arborea);
(Fulcaldea_stuessyi,((((Hyalis_argentea,Gongylolepis_benthamania),Famatinanthus_sp),(Scaveola_tomentosa,Nastanthus_patagonicus)),(Schlechtendalia_luzulaefolia,Chuquiraga_sp)),Barnadesia_arborea);
(Fulcaldea_stuessyi,((((Hyalis_argentea,Gongylolepis_benthamania),Famatinanthus_sp),(Scaveola_tomentosa,Nastanthus_patagonicus)),(Schlechtendalia_luzulaefolia,Chuquiraga_sp)),Barnadesia_arborea);
(Fulcaldea_stuessyi,((((Hyalis_argentea,Gongylolepis_benthamania),Famatinanthus_sp),(Scaveola_tomentosa,Nastanthus_patagonicus)),(Schlechtendalia_luzulaefolia,Chuquiraga_sp)),Barnadesia_arborea);
(Fulcaldea_stuessyi,((((Hyalis_argentea,Gongylolepis_benthamania),Famatinanthus_sp),(Scaveola_tomentosa,Nastanthus_patagonicus)),(Schlechtendalia_luzulaefolia,Chuquiraga_sp)),Barnadesia_arborea);
(Fulcaldea_stuessyi,((((Hyalis_argentea,Gongylolepis_benthamania),Famatinanthus_sp),(Scaveola_tomentosa,Nastanthus_patagonicus)),(Schlechtendalia_luzulaefolia,Chuquiraga_sp)),Barnadesia_arborea);
(Fulcaldea_stuessyi,((((Hyalis_argentea,Gongylolepis_benthamania),Famatinanthus_sp),(Scaveola_tomentosa,Nastanthus_patagonicus)),(Schlechtendalia_luzulaefolia,Chuquiraga_sp)),Barnadesia_arborea);
(Fulcaldea_stuessyi,(Schlechtendalia_luzulaefolia,(Chuquiraga_sp,((Scaveola_tomentosa,Nastanthus_patagonicus),(Famatinanthus_sp,(Gongylolepis_benthamania,Hyalis_argentea))))),Barnadesia_arborea);
(Fulcaldea_stuessyi,(((Scaveola_tomentosa,Nastanthus_patagonicus),(Famatinanthus_sp,(Gongylolepis_benthamania,Hyalis_argentea))),(Schlechtendalia_luzulaefolia,Chuquiraga_sp)),Barnadesia_arborea);
(Fulcaldea_stuessyi,(((Scaveola_tomentosa,Nastanthus_patagonicus),(Famatinanthus_sp,(Gongylolepis_benthamania,Hyalis_argentea))),(Schlechtendalia_luzulaefolia,Chuquiraga_sp)),Barnadesia_arborea);
(Fulcaldea_stuessyi,(Schlechtendalia_luzulaefolia,(Chuquiraga_sp,((Scaveola_tomentosa,Nastanthus_patagonicus),(Famatinanthus_sp,(Gongylolepis_benthamania,Hyalis_argentea))))),Barnadesia_arborea);
(Fulcaldea_stuessyi,(Schlechtendalia_luzulaefolia,(Chuquiraga_sp,((Scaveola_tomentosa,Nastanthus_patagonicus),(Famatinanthus_sp,(Gongylolepis_benthamania,Hyalis_argentea))))),Barnadesia_arborea);
(Fulcaldea_stuessyi,(Schlechtendalia_luzulaefolia,(Chuquiraga_sp,((Scaveola_tomentosa,Nastanthus_patagonicus),(Famatinanthus_sp,(Gongylolepis_benthamania,Hyalis_argentea))))),Barnadesia_arborea);
(Fulcaldea_stuessyi,(((Scaveola_tomentosa,Nastanthus_patagonicus),(Famatinanthus_sp,(Gongylolepis_benthamania,Hyalis_argentea))),(Schlechtendalia_luzulaefolia,Chuquiraga_sp)),Barnadesia_arborea);
(Fulcaldea_stuessyi,(((Scaveola_tomentosa,Nastanthus_patagonicus),(Famatinanthus_sp,(Gongylolepis_benthamania,Hyalis_argentea))),(Schlechtendalia_luzulaefolia,Chuquiraga_sp)),Barnadesia_arborea);
(Fulcaldea_stuessyi,(((Scaveola_tomentosa,Nastanthus_patagonicus),(Famatinanthus_sp,(Gongylolepis_benthamania,Hyalis_argentea))),(Schlechtendalia_luzulaefolia,Chuquiraga_sp)),Barnadesia_arborea);
(Fulcaldea_stuessyi,(((Scaveola_tomentosa,Nastanthus_patagonicus),(Famatinanthus_sp,(Gongylolepis_benthamania,Hyalis_argentea))),(Schlechtendalia_luzulaefolia,Chuquiraga_sp)),Barnadesia_arborea);
(Fulcaldea_stuessyi,(((Nastanthus_patagonicus,Scaveola_tomentosa),((Hyalis_argentea,Gongylolepis_benthamania),Famatinanthus_sp)),(Chuquiraga_sp,Schlechtendalia_luzulaefolia)),Barnadesia_arborea);
(Fulcaldea_stuessyi,(((Nastanthus_patagonicus,Scaveola_tomentosa),((Hyalis_argentea,Gongylolepis_benthamania),Famatinanthus_sp)),(Chuquiraga_sp,Schlechtendalia_luzulaefolia)),Barnadesia_arborea);
(Fulcaldea_stuessyi,(((Nastanthus_patagonicus,Scaveola_tomentosa),((Hyalis_argentea,Gongylolepis_benthamania),Famatinanthus_sp)),(Chuquiraga_sp,Schlechtendalia_luzulaefolia)),Barnadesia_arborea);
(Fulcaldea_stuessyi,(((Nastanthus_patagonicus,Scaveola_tomentosa),((Hyalis_argentea,Gongylolepis_benthamania),Famatinanthus_sp)),(Chuquiraga_sp,Schlechtendalia_luzulaefolia)),Barnadesia_arborea);
(Fulcaldea_stuessyi,(((Nastanthus_patagonicus,Scaveola_tomentosa),((Hyalis_argentea,Gongylolepis_benthamania),Famatinanthus_sp)),(Chuquiraga_sp,Schlechtendalia_luzulaefolia)),Barnadesia_arborea);
(Fulcaldea_stuessyi,(((Nastanthus_patagonicus,Scaveola_tomentosa),((Hyalis_argentea,Gongylolepis_benthamania),Famatinanthus_sp)),(Chuquiraga_sp,Schlechtendalia_luzulaefolia)),Barnadesia_arborea);
(Fulcaldea_stuessyi,(((Nastanthus_patagonicus,Scaveola_tomentosa),((Hyalis_argentea,Gongylolepis_benthamania),Famatinanthus_sp)),(Chuquiraga_sp,Schlechtendalia_luzulaefolia)),Barnadesia_arborea);
(Fulcaldea_stuessyi,(Schlechtendalia_luzulaefolia,(((Nastanthus_patagonicus,Scaveola_tomentosa),((Hyalis_argentea,Gongylolepis_benthamania),Famatinanthus_sp)),Chuquiraga_sp)),Barnadesia_arborea);
(Fulcaldea_stuessyi,(((Nastanthus_patagonicus,Scaveola_tomentosa),((Hyalis_argentea,Gongylolepis_benthamania),Famatinanthus_sp)),(Chuquiraga_sp,Schlechtendalia_luzulaefolia)),Barnadesia_arborea);
(Fulcaldea_stuessyi,(((Nastanthus_patagonicus,Scaveola_tomentosa),((Hyalis_argentea,Gongylolepis_benthamania),Famatinanthus_sp)),(Chuquiraga_sp,Schlechtendalia_luzulaefolia)),Barnadesia_arborea);
