2024-09-25 12:38:03,657 - phyluce_assembly_get_match_counts - INFO - =========== Starting phyluce_assembly_get_match_counts ==========
2024-09-25 12:38:03,657 - phyluce_assembly_get_match_counts - INFO - Version: 1.7.1
2024-09-25 12:38:03,657 - phyluce_assembly_get_match_counts - INFO - Commit: None
2024-09-25 12:38:03,657 - phyluce_assembly_get_match_counts - INFO - Argument --extend_locus_db: None
2024-09-25 12:38:03,657 - phyluce_assembly_get_match_counts - INFO - Argument --incomplete_matrix: True
2024-09-25 12:38:03,657 - phyluce_assembly_get_match_counts - INFO - Argument --keep_counts: False
2024-09-25 12:38:03,657 - phyluce_assembly_get_match_counts - INFO - Argument --locus_db: /project/ermoore3/basalAsteraceae/barnadesioideae/output/probe.matches.sqlite
2024-09-25 12:38:03,657 - phyluce_assembly_get_match_counts - INFO - Argument --log_path: /project/ermoore3/basalAsteraceae/barnadesioideae/log
2024-09-25 12:38:03,657 - phyluce_assembly_get_match_counts - INFO - Argument --optimize: False
2024-09-25 12:38:03,657 - phyluce_assembly_get_match_counts - INFO - Argument --output: /project/ermoore3/basalAsteraceae/barnadesioideae/taxon-set-all/all.conf
2024-09-25 12:38:03,657 - phyluce_assembly_get_match_counts - INFO - Argument --random: False
2024-09-25 12:38:03,657 - phyluce_assembly_get_match_counts - INFO - Argument --sample_size: 10
2024-09-25 12:38:03,657 - phyluce_assembly_get_match_counts - INFO - Argument --samples: 10
2024-09-25 12:38:03,657 - phyluce_assembly_get_match_counts - INFO - Argument --silent: False
2024-09-25 12:38:03,657 - phyluce_assembly_get_match_counts - INFO - Argument --taxon_group: subset5
2024-09-25 12:38:03,657 - phyluce_assembly_get_match_counts - INFO - Argument --taxon_list_config: /project/ermoore3/basalAsteraceae/barnadesioideae/datasets.conf
2024-09-25 12:38:03,657 - phyluce_assembly_get_match_counts - INFO - Argument --verbosity: INFO
2024-09-25 12:38:03,660 - phyluce_assembly_get_match_counts - INFO - There are 9 taxa in the taxon-group '[subset5]' in the config file datasets.conf
2024-09-25 12:38:03,660 - phyluce_assembly_get_match_counts - INFO - Getting UCE names from database
2024-09-25 12:38:03,660 - phyluce_assembly_get_match_counts - INFO - There are 1061 total UCE loci in the database
2024-09-25 12:38:03,668 - phyluce_assembly_get_match_counts - INFO - Getting UCE matches by organism to generate a INCOMPLETE matrix
2024-09-25 12:38:03,669 - phyluce_assembly_get_match_counts - INFO - There are 915 UCE loci in an INCOMPLETE matrix
2024-09-25 12:38:03,669 - phyluce_assembly_get_match_counts - INFO - Writing the taxa and loci in the data matrix to /project/ermoore3/basalAsteraceae/barnadesioideae/taxon-set-all/all.conf
2024-09-25 12:38:03,702 - phyluce_assembly_get_match_counts - INFO - ========== Completed phyluce_assembly_get_match_counts ==========
