2024-09-25 12:40:47,782 - phyluce_align_seqcap_align - INFO - ============== Starting phyluce_align_seqcap_align ==============
2024-09-25 12:40:47,783 - phyluce_align_seqcap_align - INFO - Version: 1.7.1
2024-09-25 12:40:47,783 - phyluce_align_seqcap_align - INFO - Commit: None
2024-09-25 12:40:47,783 - phyluce_align_seqcap_align - INFO - Argument --aligner: mafft
2024-09-25 12:40:47,783 - phyluce_align_seqcap_align - INFO - Argument --ambiguous: False
2024-09-25 12:40:47,783 - phyluce_align_seqcap_align - INFO - Argument --cores: 4
2024-09-25 12:40:47,783 - phyluce_align_seqcap_align - INFO - Argument --input: /project/ermoore3/basalAsteraceae/barnadesioideae/taxon-set-all/all.fasta
2024-09-25 12:40:47,783 - phyluce_align_seqcap_align - INFO - Argument --log_path: /project/ermoore3/basalAsteraceae/barnadesioideae/log
2024-09-25 12:40:47,783 - phyluce_align_seqcap_align - INFO - Argument --max_divergence: 0.2
2024-09-25 12:40:47,783 - phyluce_align_seqcap_align - INFO - Argument --min_length: 100
2024-09-25 12:40:47,783 - phyluce_align_seqcap_align - INFO - Argument --no_trim: False
2024-09-25 12:40:47,783 - phyluce_align_seqcap_align - INFO - Argument --notstrict: True
2024-09-25 12:40:47,783 - phyluce_align_seqcap_align - INFO - Argument --output: /project/ermoore3/basalAsteraceae/barnadesioideae/taxon-set-all/mafft-nexus-trimmed
2024-09-25 12:40:47,783 - phyluce_align_seqcap_align - INFO - Argument --output_format: nexus
2024-09-25 12:40:47,783 - phyluce_align_seqcap_align - INFO - Argument --proportion: 0.65
2024-09-25 12:40:47,783 - phyluce_align_seqcap_align - INFO - Argument --taxa: 10
2024-09-25 12:40:47,783 - phyluce_align_seqcap_align - INFO - Argument --threshold: 0.65
2024-09-25 12:40:47,783 - phyluce_align_seqcap_align - INFO - Argument --verbosity: INFO
2024-09-25 12:40:47,783 - phyluce_align_seqcap_align - INFO - Argument --window: 20
2024-09-25 12:40:47,783 - phyluce_align_seqcap_align - INFO - Building the locus dictionary
2024-09-25 12:40:47,783 - phyluce_align_seqcap_align - INFO - Removing ALL sequences with ambiguous bases...
2024-09-25 12:40:47,900 - phyluce_align_seqcap_align - WARNING - DROPPED locus uce-730. Too few taxa (N < 3).
2024-09-25 12:40:47,900 - phyluce_align_seqcap_align - WARNING - DROPPED locus uce-916. Too few taxa (N < 3).
2024-09-25 12:40:47,900 - phyluce_align_seqcap_align - WARNING - DROPPED locus uce-254. Too few taxa (N < 3).
2024-09-25 12:40:47,900 - phyluce_align_seqcap_align - WARNING - DROPPED locus uce-952. Too few taxa (N < 3).
2024-09-25 12:40:47,900 - phyluce_align_seqcap_align - WARNING - DROPPED locus uce-124. Too few taxa (N < 3).
2024-09-25 12:40:47,900 - phyluce_align_seqcap_align - WARNING - DROPPED locus uce-99. Too few taxa (N < 3).
2024-09-25 12:40:47,900 - phyluce_align_seqcap_align - WARNING - DROPPED locus uce-27. Too few taxa (N < 3).
2024-09-25 12:40:47,900 - phyluce_align_seqcap_align - WARNING - DROPPED locus uce-763. Too few taxa (N < 3).
2024-09-25 12:40:47,900 - phyluce_align_seqcap_align - WARNING - DROPPED locus uce-330. Too few taxa (N < 3).
2024-09-25 12:40:47,900 - phyluce_align_seqcap_align - WARNING - DROPPED locus uce-839. Too few taxa (N < 3).
2024-09-25 12:40:47,911 - phyluce_align_seqcap_align - WARNING - DROPPED locus uce-1012. Too few taxa (N < 3).
2024-09-25 12:40:47,911 - phyluce_align_seqcap_align - WARNING - DROPPED locus uce-546. Too few taxa (N < 3).
2024-09-25 12:40:47,911 - phyluce_align_seqcap_align - WARNING - DROPPED locus uce-216. Too few taxa (N < 3).
2024-09-25 12:40:47,911 - phyluce_align_seqcap_align - WARNING - DROPPED locus uce-992. Too few taxa (N < 3).
2024-09-25 12:40:47,911 - phyluce_align_seqcap_align - WARNING - DROPPED locus uce-927. Too few taxa (N < 3).
2024-09-25 12:40:47,911 - phyluce_align_seqcap_align - WARNING - DROPPED locus uce-122. Too few taxa (N < 3).
2024-09-25 12:40:47,911 - phyluce_align_seqcap_align - WARNING - DROPPED locus uce-972. Too few taxa (N < 3).
2024-09-25 12:40:47,911 - phyluce_align_seqcap_align - WARNING - DROPPED locus uce-739. Too few taxa (N < 3).
2024-09-25 12:40:47,911 - phyluce_align_seqcap_align - WARNING - DROPPED locus uce-703. Too few taxa (N < 3).
2024-09-25 12:40:47,911 - phyluce_align_seqcap_align - WARNING - DROPPED locus uce-801. Too few taxa (N < 3).
2024-09-25 12:40:47,912 - phyluce_align_seqcap_align - WARNING - DROPPED locus uce-379. Too few taxa (N < 3).
2024-09-25 12:40:47,912 - phyluce_align_seqcap_align - WARNING - DROPPED locus uce-1007. Too few taxa (N < 3).
2024-09-25 12:40:47,912 - phyluce_align_seqcap_align - WARNING - DROPPED locus uce-402. Too few taxa (N < 3).
2024-09-25 12:40:47,912 - phyluce_align_seqcap_align - WARNING - DROPPED locus uce-782. Too few taxa (N < 3).
2024-09-25 12:40:47,912 - phyluce_align_seqcap_align - WARNING - DROPPED locus uce-663. Too few taxa (N < 3).
2024-09-25 12:40:47,912 - phyluce_align_seqcap_align - WARNING - DROPPED locus uce-188. Too few taxa (N < 3).
2024-09-25 12:40:47,912 - phyluce_align_seqcap_align - WARNING - DROPPED locus uce-145. Too few taxa (N < 3).
2024-09-25 12:40:47,912 - phyluce_align_seqcap_align - WARNING - DROPPED locus uce-584. Too few taxa (N < 3).
2024-09-25 12:40:47,912 - phyluce_align_seqcap_align - WARNING - DROPPED locus uce-552. Too few taxa (N < 3).
2024-09-25 12:40:47,912 - phyluce_align_seqcap_align - WARNING - DROPPED locus uce-8. Too few taxa (N < 3).
2024-09-25 12:40:47,912 - phyluce_align_seqcap_align - WARNING - DROPPED locus uce-742. Too few taxa (N < 3).
2024-09-25 12:40:47,912 - phyluce_align_seqcap_align - WARNING - DROPPED locus uce-187. Too few taxa (N < 3).
2024-09-25 12:40:47,912 - phyluce_align_seqcap_align - WARNING - DROPPED locus uce-677. Too few taxa (N < 3).
2024-09-25 12:40:47,912 - phyluce_align_seqcap_align - WARNING - DROPPED locus uce-666. Too few taxa (N < 3).
2024-09-25 12:40:47,912 - phyluce_align_seqcap_align - WARNING - DROPPED locus uce-540. Too few taxa (N < 3).
2024-09-25 12:40:47,912 - phyluce_align_seqcap_align - WARNING - DROPPED locus uce-534. Too few taxa (N < 3).
2024-09-25 12:40:47,912 - phyluce_align_seqcap_align - WARNING - DROPPED locus uce-631. Too few taxa (N < 3).
2024-09-25 12:40:47,912 - phyluce_align_seqcap_align - WARNING - DROPPED locus uce-556. Too few taxa (N < 3).
2024-09-25 12:40:47,912 - phyluce_align_seqcap_align - WARNING - DROPPED locus uce-810. Too few taxa (N < 3).
2024-09-25 12:40:47,912 - phyluce_align_seqcap_align - WARNING - DROPPED locus uce-999. Too few taxa (N < 3).
2024-09-25 12:40:47,912 - phyluce_align_seqcap_align - WARNING - DROPPED locus uce-987. Too few taxa (N < 3).
2024-09-25 12:40:47,912 - phyluce_align_seqcap_align - WARNING - DROPPED locus uce-337. Too few taxa (N < 3).
2024-09-25 12:40:47,912 - phyluce_align_seqcap_align - WARNING - DROPPED locus uce-495. Too few taxa (N < 3).
2024-09-25 12:40:47,912 - phyluce_align_seqcap_align - WARNING - DROPPED locus uce-470. Too few taxa (N < 3).
2024-09-25 12:40:47,919 - phyluce_align_seqcap_align - WARNING - DROPPED locus uce-275. Too few taxa (N < 3).
2024-09-25 12:40:47,919 - phyluce_align_seqcap_align - WARNING - DROPPED locus uce-693. Too few taxa (N < 3).
2024-09-25 12:40:47,919 - phyluce_align_seqcap_align - WARNING - DROPPED locus uce-172. Too few taxa (N < 3).
2024-09-25 12:40:47,919 - phyluce_align_seqcap_align - WARNING - DROPPED locus uce-924. Too few taxa (N < 3).
2024-09-25 12:40:47,919 - phyluce_align_seqcap_align - WARNING - DROPPED locus uce-210. Too few taxa (N < 3).
2024-09-25 12:40:47,919 - phyluce_align_seqcap_align - WARNING - DROPPED locus uce-5. Too few taxa (N < 3).
2024-09-25 12:40:47,919 - phyluce_align_seqcap_align - WARNING - DROPPED locus uce-790. Too few taxa (N < 3).
2024-09-25 12:40:47,919 - phyluce_align_seqcap_align - WARNING - DROPPED locus uce-1013. Too few taxa (N < 3).
2024-09-25 12:40:47,919 - phyluce_align_seqcap_align - WARNING - DROPPED locus uce-605. Too few taxa (N < 3).
2024-09-25 12:40:47,919 - phyluce_align_seqcap_align - WARNING - DROPPED locus uce-335. Too few taxa (N < 3).
2024-09-25 12:40:47,919 - phyluce_align_seqcap_align - WARNING - DROPPED locus uce-193. Too few taxa (N < 3).
2024-09-25 12:40:47,919 - phyluce_align_seqcap_align - WARNING - DROPPED locus uce-43. Too few taxa (N < 3).
2024-09-25 12:40:47,919 - phyluce_align_seqcap_align - WARNING - DROPPED locus uce-496. Too few taxa (N < 3).
2024-09-25 12:40:47,920 - phyluce_align_seqcap_align - WARNING - DROPPED locus uce-1061. Too few taxa (N < 3).
2024-09-25 12:40:47,920 - phyluce_align_seqcap_align - WARNING - DROPPED locus uce-223. Too few taxa (N < 3).
2024-09-25 12:40:47,920 - phyluce_align_seqcap_align - WARNING - DROPPED locus uce-176. Too few taxa (N < 3).
2024-09-25 12:40:47,920 - phyluce_align_seqcap_align - WARNING - DROPPED locus uce-301. Too few taxa (N < 3).
2024-09-25 12:40:47,920 - phyluce_align_seqcap_align - WARNING - DROPPED locus uce-986. Too few taxa (N < 3).
2024-09-25 12:40:47,920 - phyluce_align_seqcap_align - WARNING - DROPPED locus uce-618. Too few taxa (N < 3).
2024-09-25 12:40:47,920 - phyluce_align_seqcap_align - WARNING - DROPPED locus uce-489. Too few taxa (N < 3).
2024-09-25 12:40:47,920 - phyluce_align_seqcap_align - WARNING - DROPPED locus uce-773. Too few taxa (N < 3).
2024-09-25 12:40:47,920 - phyluce_align_seqcap_align - WARNING - DROPPED locus uce-920. Too few taxa (N < 3).
2024-09-25 12:40:47,920 - phyluce_align_seqcap_align - WARNING - DROPPED locus uce-194. Too few taxa (N < 3).
2024-09-25 12:40:47,920 - phyluce_align_seqcap_align - WARNING - DROPPED locus uce-734. Too few taxa (N < 3).
2024-09-25 12:40:47,920 - phyluce_align_seqcap_align - WARNING - DROPPED locus uce-89. Too few taxa (N < 3).
2024-09-25 12:40:47,920 - phyluce_align_seqcap_align - WARNING - DROPPED locus uce-456. Too few taxa (N < 3).
2024-09-25 12:40:47,920 - phyluce_align_seqcap_align - WARNING - DROPPED locus uce-156. Too few taxa (N < 3).
2024-09-25 12:40:47,920 - phyluce_align_seqcap_align - WARNING - DROPPED locus uce-49. Too few taxa (N < 3).
2024-09-25 12:40:47,920 - phyluce_align_seqcap_align - WARNING - DROPPED locus uce-729. Too few taxa (N < 3).
2024-09-25 12:40:47,920 - phyluce_align_seqcap_align - WARNING - DROPPED locus uce-460. Too few taxa (N < 3).
2024-09-25 12:40:47,920 - phyluce_align_seqcap_align - WARNING - DROPPED locus uce-158. Too few taxa (N < 3).
2024-09-25 12:40:47,920 - phyluce_align_seqcap_align - WARNING - DROPPED locus uce-66. Too few taxa (N < 3).
2024-09-25 12:40:47,920 - phyluce_align_seqcap_align - WARNING - DROPPED locus uce-560. Too few taxa (N < 3).
2024-09-25 12:40:47,920 - phyluce_align_seqcap_align - WARNING - DROPPED locus uce-439. Too few taxa (N < 3).
2024-09-25 12:40:47,920 - phyluce_align_seqcap_align - WARNING - DROPPED locus uce-521. Too few taxa (N < 3).
2024-09-25 12:40:47,920 - phyluce_align_seqcap_align - WARNING - DROPPED locus uce-431. Too few taxa (N < 3).
2024-09-25 12:40:47,920 - phyluce_align_seqcap_align - WARNING - DROPPED locus uce-780. Too few taxa (N < 3).
2024-09-25 12:40:47,920 - phyluce_align_seqcap_align - WARNING - DROPPED locus uce-537. Too few taxa (N < 3).
2024-09-25 12:40:47,920 - phyluce_align_seqcap_align - WARNING - DROPPED locus uce-448. Too few taxa (N < 3).
2024-09-25 12:40:47,920 - phyluce_align_seqcap_align - WARNING - DROPPED locus uce-580. Too few taxa (N < 3).
2024-09-25 12:40:47,920 - phyluce_align_seqcap_align - WARNING - DROPPED locus uce-443. Too few taxa (N < 3).
2024-09-25 12:40:47,920 - phyluce_align_seqcap_align - WARNING - DROPPED locus uce-6. Too few taxa (N < 3).
2024-09-25 12:40:47,920 - phyluce_align_seqcap_align - WARNING - DROPPED locus uce-747. Too few taxa (N < 3).
2024-09-25 12:40:47,920 - phyluce_align_seqcap_align - WARNING - DROPPED locus uce-230. Too few taxa (N < 3).
2024-09-25 12:40:47,920 - phyluce_align_seqcap_align - WARNING - DROPPED locus uce-568. Too few taxa (N < 3).
2024-09-25 12:40:47,920 - phyluce_align_seqcap_align - WARNING - DROPPED locus uce-569. Too few taxa (N < 3).
2024-09-25 12:40:47,920 - phyluce_align_seqcap_align - WARNING - DROPPED locus uce-465. Too few taxa (N < 3).
2024-09-25 12:40:47,920 - phyluce_align_seqcap_align - WARNING - DROPPED locus uce-81. Too few taxa (N < 3).
2024-09-25 12:40:47,921 - phyluce_align_seqcap_align - WARNING - DROPPED locus uce-714. Too few taxa (N < 3).
2024-09-25 12:40:47,921 - phyluce_align_seqcap_align - WARNING - DROPPED locus uce-355. Too few taxa (N < 3).
2024-09-25 12:40:47,921 - phyluce_align_seqcap_align - WARNING - DROPPED locus uce-1022. Too few taxa (N < 3).
2024-09-25 12:40:47,921 - phyluce_align_seqcap_align - WARNING - DROPPED locus uce-305. Too few taxa (N < 3).
2024-09-25 12:40:47,921 - phyluce_align_seqcap_align - WARNING - DROPPED locus uce-7. Too few taxa (N < 3).
2024-09-25 12:40:47,921 - phyluce_align_seqcap_align - WARNING - DROPPED locus uce-847. Too few taxa (N < 3).
2024-09-25 12:40:47,921 - phyluce_align_seqcap_align - WARNING - DROPPED locus uce-608. Too few taxa (N < 3).
2024-09-25 12:40:47,921 - phyluce_align_seqcap_align - WARNING - DROPPED locus uce-504. Too few taxa (N < 3).
2024-09-25 12:40:47,921 - phyluce_align_seqcap_align - WARNING - DROPPED locus uce-887. Too few taxa (N < 3).
2024-09-25 12:40:47,921 - phyluce_align_seqcap_align - WARNING - DROPPED locus uce-432. Too few taxa (N < 3).
2024-09-25 12:40:47,921 - phyluce_align_seqcap_align - WARNING - DROPPED locus uce-704. Too few taxa (N < 3).
2024-09-25 12:40:47,921 - phyluce_align_seqcap_align - WARNING - DROPPED locus uce-231. Too few taxa (N < 3).
2024-09-25 12:40:47,921 - phyluce_align_seqcap_align - WARNING - DROPPED locus uce-953. Too few taxa (N < 3).
2024-09-25 12:40:47,921 - phyluce_align_seqcap_align - WARNING - DROPPED locus uce-772. Too few taxa (N < 3).
2024-09-25 12:40:47,921 - phyluce_align_seqcap_align - WARNING - DROPPED locus uce-377. Too few taxa (N < 3).
2024-09-25 12:40:47,921 - phyluce_align_seqcap_align - WARNING - DROPPED locus uce-429. Too few taxa (N < 3).
2024-09-25 12:40:47,921 - phyluce_align_seqcap_align - WARNING - DROPPED locus uce-1. Too few taxa (N < 3).
2024-09-25 12:40:47,921 - phyluce_align_seqcap_align - WARNING - DROPPED locus uce-85. Too few taxa (N < 3).
2024-09-25 12:40:47,921 - phyluce_align_seqcap_align - WARNING - DROPPED locus uce-356. Too few taxa (N < 3).
2024-09-25 12:40:47,921 - phyluce_align_seqcap_align - WARNING - DROPPED locus uce-411. Too few taxa (N < 3).
2024-09-25 12:40:47,921 - phyluce_align_seqcap_align - WARNING - DROPPED locus uce-890. Too few taxa (N < 3).
2024-09-25 12:40:47,921 - phyluce_align_seqcap_align - WARNING - DROPPED locus uce-455. Too few taxa (N < 3).
2024-09-25 12:40:47,921 - phyluce_align_seqcap_align - WARNING - DROPPED locus uce-832. Too few taxa (N < 3).
2024-09-25 12:40:47,921 - phyluce_align_seqcap_align - WARNING - DROPPED locus uce-17. Too few taxa (N < 3).
2024-09-25 12:40:47,921 - phyluce_align_seqcap_align - WARNING - DROPPED locus uce-53. Too few taxa (N < 3).
2024-09-25 12:40:47,921 - phyluce_align_seqcap_align - WARNING - DROPPED locus uce-451. Too few taxa (N < 3).
2024-09-25 12:40:47,921 - phyluce_align_seqcap_align - WARNING - DROPPED locus uce-866. Too few taxa (N < 3).
2024-09-25 12:40:47,921 - phyluce_align_seqcap_align - WARNING - DROPPED locus uce-246. Too few taxa (N < 3).
2024-09-25 12:40:47,921 - phyluce_align_seqcap_align - WARNING - DROPPED locus uce-463. Too few taxa (N < 3).
2024-09-25 12:40:47,921 - phyluce_align_seqcap_align - WARNING - DROPPED locus uce-381. Too few taxa (N < 3).
2024-09-25 12:40:47,921 - phyluce_align_seqcap_align - WARNING - DROPPED locus uce-108. Too few taxa (N < 3).
2024-09-25 12:40:47,921 - phyluce_align_seqcap_align - WARNING - DROPPED locus uce-587. Too few taxa (N < 3).
2024-09-25 12:40:47,921 - phyluce_align_seqcap_align - WARNING - DROPPED locus uce-554. Too few taxa (N < 3).
2024-09-25 12:40:47,921 - phyluce_align_seqcap_align - WARNING - DROPPED locus uce-650. Too few taxa (N < 3).
2024-09-25 12:40:47,921 - phyluce_align_seqcap_align - WARNING - DROPPED locus uce-795. Too few taxa (N < 3).
2024-09-25 12:40:47,922 - phyluce_align_seqcap_align - WARNING - DROPPED locus uce-862. Too few taxa (N < 3).
2024-09-25 12:40:47,922 - phyluce_align_seqcap_align - WARNING - DROPPED locus uce-757. Too few taxa (N < 3).
2024-09-25 12:40:47,922 - phyluce_align_seqcap_align - WARNING - DROPPED locus uce-878. Too few taxa (N < 3).
2024-09-25 12:40:47,922 - phyluce_align_seqcap_align - WARNING - DROPPED locus uce-933. Too few taxa (N < 3).
2024-09-25 12:40:47,922 - phyluce_align_seqcap_align - WARNING - DROPPED locus uce-233. Too few taxa (N < 3).
2024-09-25 12:40:47,922 - phyluce_align_seqcap_align - WARNING - DROPPED locus uce-616. Too few taxa (N < 3).
2024-09-25 12:40:47,922 - phyluce_align_seqcap_align - WARNING - DROPPED locus uce-72. Too few taxa (N < 3).
2024-09-25 12:40:47,922 - phyluce_align_seqcap_align - WARNING - DROPPED locus uce-550. Too few taxa (N < 3).
2024-09-25 12:40:47,922 - phyluce_align_seqcap_align - WARNING - DROPPED locus uce-970. Too few taxa (N < 3).
2024-09-25 12:40:47,922 - phyluce_align_seqcap_align - WARNING - DROPPED locus uce-502. Too few taxa (N < 3).
2024-09-25 12:40:47,922 - phyluce_align_seqcap_align - WARNING - DROPPED locus uce-397. Too few taxa (N < 3).
2024-09-25 12:40:47,922 - phyluce_align_seqcap_align - WARNING - DROPPED locus uce-262. Too few taxa (N < 3).
2024-09-25 12:40:47,922 - phyluce_align_seqcap_align - WARNING - DROPPED locus uce-154. Too few taxa (N < 3).
2024-09-25 12:40:47,922 - phyluce_align_seqcap_align - WARNING - DROPPED locus uce-529. Too few taxa (N < 3).
2024-09-25 12:40:47,922 - phyluce_align_seqcap_align - WARNING - DROPPED locus uce-989. Too few taxa (N < 3).
2024-09-25 12:40:47,922 - phyluce_align_seqcap_align - WARNING - DROPPED locus uce-321. Too few taxa (N < 3).
2024-09-25 12:40:47,922 - phyluce_align_seqcap_align - WARNING - DROPPED locus uce-430. Too few taxa (N < 3).
2024-09-25 12:40:47,922 - phyluce_align_seqcap_align - WARNING - DROPPED locus uce-487. Too few taxa (N < 3).
2024-09-25 12:40:47,922 - phyluce_align_seqcap_align - WARNING - DROPPED locus uce-312. Too few taxa (N < 3).
2024-09-25 12:40:47,922 - phyluce_align_seqcap_align - WARNING - DROPPED locus uce-681. Too few taxa (N < 3).
2024-09-25 12:40:47,922 - phyluce_align_seqcap_align - WARNING - DROPPED locus uce-917. Too few taxa (N < 3).
2024-09-25 12:40:47,922 - phyluce_align_seqcap_align - WARNING - DROPPED locus uce-838. Too few taxa (N < 3).
2024-09-25 12:40:47,922 - phyluce_align_seqcap_align - WARNING - DROPPED locus uce-36. Too few taxa (N < 3).
2024-09-25 12:40:47,922 - phyluce_align_seqcap_align - WARNING - DROPPED locus uce-16. Too few taxa (N < 3).
2024-09-25 12:40:47,922 - phyluce_align_seqcap_align - WARNING - DROPPED locus uce-285. Too few taxa (N < 3).
2024-09-25 12:40:47,922 - phyluce_align_seqcap_align - WARNING - DROPPED locus uce-1044. Too few taxa (N < 3).
2024-09-25 12:40:47,922 - phyluce_align_seqcap_align - WARNING - DROPPED locus uce-732. Too few taxa (N < 3).
2024-09-25 12:40:47,922 - phyluce_align_seqcap_align - WARNING - DROPPED locus uce-796. Too few taxa (N < 3).
2024-09-25 12:40:47,922 - phyluce_align_seqcap_align - WARNING - DROPPED locus uce-490. Too few taxa (N < 3).
2024-09-25 12:40:47,922 - phyluce_align_seqcap_align - WARNING - DROPPED locus uce-63. Too few taxa (N < 3).
2024-09-25 12:40:47,922 - phyluce_align_seqcap_align - WARNING - DROPPED locus uce-150. Too few taxa (N < 3).
2024-09-25 12:40:47,922 - phyluce_align_seqcap_align - WARNING - DROPPED locus uce-615. Too few taxa (N < 3).
2024-09-25 12:40:47,922 - phyluce_align_seqcap_align - WARNING - DROPPED locus uce-700. Too few taxa (N < 3).
2024-09-25 12:40:47,923 - phyluce_align_seqcap_align - WARNING - DROPPED locus uce-774. Too few taxa (N < 3).
2024-09-25 12:40:47,923 - phyluce_align_seqcap_align - WARNING - DROPPED locus uce-577. Too few taxa (N < 3).
2024-09-25 12:40:47,923 - phyluce_align_seqcap_align - WARNING - DROPPED locus uce-789. Too few taxa (N < 3).
2024-09-25 12:40:47,923 - phyluce_align_seqcap_align - WARNING - DROPPED locus uce-425. Too few taxa (N < 3).
2024-09-25 12:40:47,923 - phyluce_align_seqcap_align - WARNING - DROPPED locus uce-669. Too few taxa (N < 3).
2024-09-25 12:40:47,923 - phyluce_align_seqcap_align - WARNING - DROPPED locus uce-955. Too few taxa (N < 3).
2024-09-25 12:40:47,923 - phyluce_align_seqcap_align - WARNING - DROPPED locus uce-646. Too few taxa (N < 3).
2024-09-25 12:40:47,923 - phyluce_align_seqcap_align - WARNING - DROPPED locus uce-1052. Too few taxa (N < 3).
2024-09-25 12:40:47,923 - phyluce_align_seqcap_align - WARNING - DROPPED locus uce-530. Too few taxa (N < 3).
2024-09-25 12:40:47,923 - phyluce_align_seqcap_align - WARNING - DROPPED locus uce-101. Too few taxa (N < 3).
2024-09-25 12:40:47,923 - phyluce_align_seqcap_align - WARNING - DROPPED locus uce-628. Too few taxa (N < 3).
2024-09-25 12:40:47,923 - phyluce_align_seqcap_align - WARNING - DROPPED locus uce-201. Too few taxa (N < 3).
2024-09-25 12:40:47,923 - phyluce_align_seqcap_align - WARNING - DROPPED locus uce-419. Too few taxa (N < 3).
2024-09-25 12:40:47,923 - phyluce_align_seqcap_align - WARNING - DROPPED locus uce-1043. Too few taxa (N < 3).
2024-09-25 12:40:47,923 - phyluce_align_seqcap_align - WARNING - DROPPED locus uce-349. Too few taxa (N < 3).
2024-09-25 12:40:47,923 - phyluce_align_seqcap_align - WARNING - DROPPED locus uce-644. Too few taxa (N < 3).
2024-09-25 12:40:47,923 - phyluce_align_seqcap_align - WARNING - DROPPED locus uce-417. Too few taxa (N < 3).
2024-09-25 12:40:47,923 - phyluce_align_seqcap_align - WARNING - DROPPED locus uce-492. Too few taxa (N < 3).
2024-09-25 12:40:47,926 - phyluce_align_seqcap_align - WARNING - DROPPED locus uce-520. Too few taxa (N < 3).
2024-09-25 12:40:47,926 - phyluce_align_seqcap_align - WARNING - DROPPED locus uce-689. Too few taxa (N < 3).
2024-09-25 12:40:47,926 - phyluce_align_seqcap_align - WARNING - DROPPED locus uce-536. Too few taxa (N < 3).
2024-09-25 12:40:47,926 - phyluce_align_seqcap_align - WARNING - DROPPED locus uce-353. Too few taxa (N < 3).
2024-09-25 12:40:47,926 - phyluce_align_seqcap_align - WARNING - DROPPED locus uce-318. Too few taxa (N < 3).
2024-09-25 12:40:47,926 - phyluce_align_seqcap_align - WARNING - DROPPED locus uce-926. Too few taxa (N < 3).
2024-09-25 12:40:47,926 - phyluce_align_seqcap_align - WARNING - DROPPED locus uce-370. Too few taxa (N < 3).
2024-09-25 12:40:47,926 - phyluce_align_seqcap_align - WARNING - DROPPED locus uce-475. Too few taxa (N < 3).
2024-09-25 12:40:47,926 - phyluce_align_seqcap_align - WARNING - DROPPED locus uce-911. Too few taxa (N < 3).
2024-09-25 12:40:47,926 - phyluce_align_seqcap_align - WARNING - DROPPED locus uce-929. Too few taxa (N < 3).
2024-09-25 12:40:47,926 - phyluce_align_seqcap_align - WARNING - DROPPED locus uce-1016. Too few taxa (N < 3).
2024-09-25 12:40:47,927 - phyluce_align_seqcap_align - WARNING - DROPPED locus uce-1058. Too few taxa (N < 3).
2024-09-25 12:40:47,927 - phyluce_align_seqcap_align - WARNING - DROPPED locus uce-884. Too few taxa (N < 3).
2024-09-25 12:40:47,927 - phyluce_align_seqcap_align - WARNING - DROPPED locus uce-140. Too few taxa (N < 3).
2024-09-25 12:40:47,927 - phyluce_align_seqcap_align - WARNING - DROPPED locus uce-454. Too few taxa (N < 3).
2024-09-25 12:40:47,927 - phyluce_align_seqcap_align - WARNING - DROPPED locus uce-110. Too few taxa (N < 3).
2024-09-25 12:40:47,927 - phyluce_align_seqcap_align - WARNING - DROPPED locus uce-525. Too few taxa (N < 3).
2024-09-25 12:40:47,927 - phyluce_align_seqcap_align - WARNING - DROPPED locus uce-1059. Too few taxa (N < 3).
2024-09-25 12:40:47,927 - phyluce_align_seqcap_align - WARNING - DROPPED locus uce-791. Too few taxa (N < 3).
2024-09-25 12:40:47,927 - phyluce_align_seqcap_align - WARNING - DROPPED locus uce-184. Too few taxa (N < 3).
2024-09-25 12:40:47,927 - phyluce_align_seqcap_align - WARNING - DROPPED locus uce-344. Too few taxa (N < 3).
2024-09-25 12:40:47,927 - phyluce_align_seqcap_align - WARNING - DROPPED locus uce-408. Too few taxa (N < 3).
2024-09-25 12:40:47,927 - phyluce_align_seqcap_align - WARNING - DROPPED locus uce-18. Too few taxa (N < 3).
2024-09-25 12:40:47,927 - phyluce_align_seqcap_align - WARNING - DROPPED locus uce-138. Too few taxa (N < 3).
2024-09-25 12:40:47,927 - phyluce_align_seqcap_align - WARNING - DROPPED locus uce-951. Too few taxa (N < 3).
2024-09-25 12:40:47,927 - phyluce_align_seqcap_align - WARNING - DROPPED locus uce-781. Too few taxa (N < 3).
2024-09-25 12:40:47,927 - phyluce_align_seqcap_align - WARNING - DROPPED locus uce-86. Too few taxa (N < 3).
2024-09-25 12:40:47,927 - phyluce_align_seqcap_align - WARNING - DROPPED locus uce-93. Too few taxa (N < 3).
2024-09-25 12:40:47,927 - phyluce_align_seqcap_align - WARNING - DROPPED locus uce-966. Too few taxa (N < 3).
2024-09-25 12:40:47,927 - phyluce_align_seqcap_align - WARNING - DROPPED locus uce-483. Too few taxa (N < 3).
2024-09-25 12:40:47,927 - phyluce_align_seqcap_align - WARNING - DROPPED locus uce-1011. Too few taxa (N < 3).
2024-09-25 12:40:47,927 - phyluce_align_seqcap_align - WARNING - DROPPED locus uce-809. Too few taxa (N < 3).
2024-09-25 12:40:47,927 - phyluce_align_seqcap_align - WARNING - DROPPED locus uce-3. Too few taxa (N < 3).
2024-09-25 12:40:47,927 - phyluce_align_seqcap_align - WARNING - DROPPED locus uce-203. Too few taxa (N < 3).
2024-09-25 12:40:47,927 - phyluce_align_seqcap_align - WARNING - DROPPED locus uce-325. Too few taxa (N < 3).
2024-09-25 12:40:47,927 - phyluce_align_seqcap_align - WARNING - DROPPED locus uce-1048. Too few taxa (N < 3).
2024-09-25 12:40:47,927 - phyluce_align_seqcap_align - WARNING - DROPPED locus uce-57. Too few taxa (N < 3).
2024-09-25 12:40:47,927 - phyluce_align_seqcap_align - WARNING - DROPPED locus uce-622. Too few taxa (N < 3).
2024-09-25 12:40:47,927 - phyluce_align_seqcap_align - WARNING - DROPPED locus uce-864. Too few taxa (N < 3).
2024-09-25 12:40:47,927 - phyluce_align_seqcap_align - WARNING - DROPPED locus uce-24. Too few taxa (N < 3).
2024-09-25 12:40:47,927 - phyluce_align_seqcap_align - WARNING - DROPPED locus uce-286. Too few taxa (N < 3).
2024-09-25 12:40:47,927 - phyluce_align_seqcap_align - WARNING - DROPPED locus uce-134. Too few taxa (N < 3).
2024-09-25 12:40:47,927 - phyluce_align_seqcap_align - WARNING - DROPPED locus uce-1036. Too few taxa (N < 3).
2024-09-25 12:40:47,927 - phyluce_align_seqcap_align - WARNING - DROPPED locus uce-910. Too few taxa (N < 3).
2024-09-25 12:40:47,928 - phyluce_align_seqcap_align - WARNING - DROPPED locus uce-728. Too few taxa (N < 3).
2024-09-25 12:40:47,928 - phyluce_align_seqcap_align - WARNING - DROPPED locus uce-427. Too few taxa (N < 3).
2024-09-25 12:40:47,928 - phyluce_align_seqcap_align - WARNING - DROPPED locus uce-723. Too few taxa (N < 3).
2024-09-25 12:40:47,928 - phyluce_align_seqcap_align - WARNING - DROPPED locus uce-421. Too few taxa (N < 3).
2024-09-25 12:40:47,928 - phyluce_align_seqcap_align - WARNING - DROPPED locus uce-160. Too few taxa (N < 3).
2024-09-25 12:40:47,928 - phyluce_align_seqcap_align - WARNING - DROPPED locus uce-578. Too few taxa (N < 3).
2024-09-25 12:40:47,928 - phyluce_align_seqcap_align - WARNING - DROPPED locus uce-169. Too few taxa (N < 3).
2024-09-25 12:40:47,928 - phyluce_align_seqcap_align - WARNING - DROPPED locus uce-117. Too few taxa (N < 3).
2024-09-25 12:40:47,928 - phyluce_align_seqcap_align - WARNING - DROPPED locus uce-348. Too few taxa (N < 3).
2024-09-25 12:40:47,928 - phyluce_align_seqcap_align - WARNING - DROPPED locus uce-819. Too few taxa (N < 3).
2024-09-25 12:40:47,928 - phyluce_align_seqcap_align - WARNING - DROPPED locus uce-96. Too few taxa (N < 3).
2024-09-25 12:40:47,928 - phyluce_align_seqcap_align - WARNING - DROPPED locus uce-956. Too few taxa (N < 3).
2024-09-25 12:40:47,928 - phyluce_align_seqcap_align - WARNING - DROPPED locus uce-1057. Too few taxa (N < 3).
2024-09-25 12:40:47,928 - phyluce_align_seqcap_align - WARNING - DROPPED locus uce-673. Too few taxa (N < 3).
2024-09-25 12:40:47,928 - phyluce_align_seqcap_align - WARNING - DROPPED locus uce-266. Too few taxa (N < 3).
2024-09-25 12:40:47,928 - phyluce_align_seqcap_align - WARNING - DROPPED locus uce-586. Too few taxa (N < 3).
2024-09-25 12:40:47,928 - phyluce_align_seqcap_align - WARNING - DROPPED locus uce-403. Too few taxa (N < 3).
2024-09-25 12:40:47,928 - phyluce_align_seqcap_align - WARNING - DROPPED locus uce-971. Too few taxa (N < 3).
2024-09-25 12:40:47,928 - phyluce_align_seqcap_align - WARNING - DROPPED locus uce-825. Too few taxa (N < 3).
2024-09-25 12:40:47,928 - phyluce_align_seqcap_align - WARNING - DROPPED locus uce-709. Too few taxa (N < 3).
2024-09-25 12:40:47,928 - phyluce_align_seqcap_align - WARNING - DROPPED locus uce-367. Too few taxa (N < 3).
2024-09-25 12:40:47,928 - phyluce_align_seqcap_align - WARNING - DROPPED locus uce-196. Too few taxa (N < 3).
2024-09-25 12:40:47,928 - phyluce_align_seqcap_align - WARNING - DROPPED locus uce-120. Too few taxa (N < 3).
2024-09-25 12:40:47,928 - phyluce_align_seqcap_align - WARNING - DROPPED locus uce-192. Too few taxa (N < 3).
2024-09-25 12:40:47,928 - phyluce_align_seqcap_align - WARNING - DROPPED locus uce-852. Too few taxa (N < 3).
2024-09-25 12:40:47,928 - phyluce_align_seqcap_align - WARNING - DROPPED locus uce-1030. Too few taxa (N < 3).
2024-09-25 12:40:47,928 - phyluce_align_seqcap_align - WARNING - DROPPED locus uce-854. Too few taxa (N < 3).
2024-09-25 12:40:47,928 - phyluce_align_seqcap_align - WARNING - DROPPED locus uce-296. Too few taxa (N < 3).
2024-09-25 12:40:47,928 - phyluce_align_seqcap_align - WARNING - DROPPED locus uce-40. Too few taxa (N < 3).
2024-09-25 12:40:47,928 - phyluce_align_seqcap_align - WARNING - DROPPED locus uce-518. Too few taxa (N < 3).
2024-09-25 12:40:47,928 - phyluce_align_seqcap_align - WARNING - DROPPED locus uce-10. Too few taxa (N < 3).
2024-09-25 12:40:47,928 - phyluce_align_seqcap_align - WARNING - DROPPED locus uce-840. Too few taxa (N < 3).
2024-09-25 12:40:47,928 - phyluce_align_seqcap_align - WARNING - DROPPED locus uce-785. Too few taxa (N < 3).
2024-09-25 12:40:47,928 - phyluce_align_seqcap_align - WARNING - DROPPED locus uce-664. Too few taxa (N < 3).
2024-09-25 12:40:47,929 - phyluce_align_seqcap_align - WARNING - DROPPED locus uce-982. Too few taxa (N < 3).
2024-09-25 12:40:47,929 - phyluce_align_seqcap_align - WARNING - DROPPED locus uce-665. Too few taxa (N < 3).
2024-09-25 12:40:47,929 - phyluce_align_seqcap_align - WARNING - DROPPED locus uce-271. Too few taxa (N < 3).
2024-09-25 12:40:47,929 - phyluce_align_seqcap_align - WARNING - DROPPED locus uce-694. Too few taxa (N < 3).
2024-09-25 12:40:47,929 - phyluce_align_seqcap_align - WARNING - DROPPED locus uce-121. Too few taxa (N < 3).
2024-09-25 12:40:47,929 - phyluce_align_seqcap_align - WARNING - DROPPED locus uce-898. Too few taxa (N < 3).
2024-09-25 12:40:47,929 - phyluce_align_seqcap_align - WARNING - DROPPED locus uce-164. Too few taxa (N < 3).
2024-09-25 12:40:47,929 - phyluce_align_seqcap_align - WARNING - DROPPED locus uce-1032. Too few taxa (N < 3).
2024-09-25 12:40:47,929 - phyluce_align_seqcap_align - WARNING - DROPPED locus uce-243. Too few taxa (N < 3).
2024-09-25 12:40:47,929 - phyluce_align_seqcap_align - WARNING - DROPPED locus uce-990. Too few taxa (N < 3).
2024-09-25 12:40:47,929 - phyluce_align_seqcap_align - WARNING - DROPPED locus uce-640. Too few taxa (N < 3).
2024-09-25 12:40:47,929 - phyluce_align_seqcap_align - WARNING - DROPPED locus uce-477. Too few taxa (N < 3).
2024-09-25 12:40:47,929 - phyluce_align_seqcap_align - WARNING - DROPPED locus uce-369. Too few taxa (N < 3).
2024-09-25 12:40:47,929 - phyluce_align_seqcap_align - WARNING - DROPPED locus uce-123. Too few taxa (N < 3).
2024-09-25 12:40:47,929 - phyluce_align_seqcap_align - WARNING - DROPPED locus uce-594. Too few taxa (N < 3).
2024-09-25 12:40:47,929 - phyluce_align_seqcap_align - WARNING - DROPPED locus uce-389. Too few taxa (N < 3).
2024-09-25 12:40:47,929 - phyluce_align_seqcap_align - WARNING - DROPPED locus uce-13. Too few taxa (N < 3).
2024-09-25 12:40:47,929 - phyluce_align_seqcap_align - WARNING - DROPPED locus uce-988. Too few taxa (N < 3).
2024-09-25 12:40:47,929 - phyluce_align_seqcap_align - WARNING - DROPPED locus uce-178. Too few taxa (N < 3).
2024-09-25 12:40:47,929 - phyluce_align_seqcap_align - WARNING - DROPPED locus uce-923. Too few taxa (N < 3).
2024-09-25 12:40:47,929 - phyluce_align_seqcap_align - WARNING - DROPPED locus uce-244. Too few taxa (N < 3).
2024-09-25 12:40:47,929 - phyluce_align_seqcap_align - WARNING - DROPPED locus uce-380. Too few taxa (N < 3).
2024-09-25 12:40:47,929 - phyluce_align_seqcap_align - WARNING - DROPPED locus uce-949. Too few taxa (N < 3).
2024-09-25 12:40:47,929 - phyluce_align_seqcap_align - WARNING - DROPPED locus uce-76. Too few taxa (N < 3).
2024-09-25 12:40:47,929 - phyluce_align_seqcap_align - WARNING - DROPPED locus uce-957. Too few taxa (N < 3).
2024-09-25 12:40:47,929 - phyluce_align_seqcap_align - WARNING - DROPPED locus uce-869. Too few taxa (N < 3).
2024-09-25 12:40:47,929 - phyluce_align_seqcap_align - WARNING - DROPPED locus uce-1010. Too few taxa (N < 3).
2024-09-25 12:40:47,929 - phyluce_align_seqcap_align - WARNING - DROPPED locus uce-315. Too few taxa (N < 3).
2024-09-25 12:40:47,929 - phyluce_align_seqcap_align - WARNING - DROPPED locus uce-515. Too few taxa (N < 3).
2024-09-25 12:40:47,929 - phyluce_align_seqcap_align - WARNING - DROPPED locus uce-95. Too few taxa (N < 3).
2024-09-25 12:40:47,929 - phyluce_align_seqcap_align - WARNING - DROPPED locus uce-46. Too few taxa (N < 3).
2024-09-25 12:40:47,929 - phyluce_align_seqcap_align - WARNING - DROPPED locus uce-1021. Too few taxa (N < 3).
2024-09-25 12:40:47,929 - phyluce_align_seqcap_align - WARNING - DROPPED locus uce-745. Too few taxa (N < 3).
2024-09-25 12:40:47,929 - phyluce_align_seqcap_align - WARNING - DROPPED locus uce-882. Too few taxa (N < 3).
2024-09-25 12:40:47,929 - phyluce_align_seqcap_align - WARNING - DROPPED locus uce-958. Too few taxa (N < 3).
2024-09-25 12:40:47,929 - phyluce_align_seqcap_align - WARNING - DROPPED locus uce-131. Too few taxa (N < 3).
2024-09-25 12:40:47,930 - phyluce_align_seqcap_align - WARNING - DROPPED locus uce-414. Too few taxa (N < 3).
2024-09-25 12:40:47,930 - phyluce_align_seqcap_align - WARNING - DROPPED locus uce-310. Too few taxa (N < 3).
2024-09-25 12:40:47,930 - phyluce_align_seqcap_align - WARNING - DROPPED locus uce-479. Too few taxa (N < 3).
2024-09-25 12:40:47,930 - phyluce_align_seqcap_align - WARNING - DROPPED locus uce-462. Too few taxa (N < 3).
2024-09-25 12:40:47,930 - phyluce_align_seqcap_align - WARNING - DROPPED locus uce-461. Too few taxa (N < 3).
2024-09-25 12:40:47,930 - phyluce_align_seqcap_align - WARNING - DROPPED locus uce-944. Too few taxa (N < 3).
2024-09-25 12:40:47,930 - phyluce_align_seqcap_align - WARNING - DROPPED locus uce-391. Too few taxa (N < 3).
2024-09-25 12:40:47,930 - phyluce_align_seqcap_align - WARNING - DROPPED locus uce-311. Too few taxa (N < 3).
2024-09-25 12:40:47,930 - phyluce_align_seqcap_align - WARNING - DROPPED locus uce-407. Too few taxa (N < 3).
2024-09-25 12:40:47,930 - phyluce_align_seqcap_align - WARNING - DROPPED locus uce-59. Too few taxa (N < 3).
2024-09-25 12:40:47,930 - phyluce_align_seqcap_align - WARNING - DROPPED locus uce-292. Too few taxa (N < 3).
2024-09-25 12:40:47,930 - phyluce_align_seqcap_align - WARNING - DROPPED locus uce-67. Too few taxa (N < 3).
2024-09-25 12:40:47,930 - phyluce_align_seqcap_align - WARNING - DROPPED locus uce-711. Too few taxa (N < 3).
2024-09-25 12:40:47,930 - phyluce_align_seqcap_align - WARNING - DROPPED locus uce-308. Too few taxa (N < 3).
2024-09-25 12:40:47,930 - phyluce_align_seqcap_align - WARNING - DROPPED locus uce-979. Too few taxa (N < 3).
2024-09-25 12:40:47,930 - phyluce_align_seqcap_align - WARNING - DROPPED locus uce-466. Too few taxa (N < 3).
2024-09-25 12:40:47,930 - phyluce_align_seqcap_align - WARNING - DROPPED locus uce-1025. Too few taxa (N < 3).
2024-09-25 12:40:47,930 - phyluce_align_seqcap_align - WARNING - DROPPED locus uce-445. Too few taxa (N < 3).
2024-09-25 12:40:47,930 - phyluce_align_seqcap_align - WARNING - DROPPED locus uce-385. Too few taxa (N < 3).
2024-09-25 12:40:47,930 - phyluce_align_seqcap_align - WARNING - DROPPED locus uce-997. Too few taxa (N < 3).
2024-09-25 12:40:47,930 - phyluce_align_seqcap_align - WARNING - DROPPED locus uce-1002. Too few taxa (N < 3).
2024-09-25 12:40:47,930 - phyluce_align_seqcap_align - WARNING - DROPPED locus uce-202. Too few taxa (N < 3).
2024-09-25 12:40:47,930 - phyluce_align_seqcap_align - WARNING - DROPPED locus uce-786. Too few taxa (N < 3).
2024-09-25 12:40:47,930 - phyluce_align_seqcap_align - WARNING - DROPPED locus uce-293. Too few taxa (N < 3).
2024-09-25 12:40:47,930 - phyluce_align_seqcap_align - WARNING - DROPPED locus uce-219. Too few taxa (N < 3).
2024-09-25 12:40:47,930 - phyluce_align_seqcap_align - WARNING - DROPPED locus uce-925. Too few taxa (N < 3).
2024-09-25 12:40:47,930 - phyluce_align_seqcap_align - WARNING - DROPPED locus uce-2. Too few taxa (N < 3).
2024-09-25 12:40:47,930 - phyluce_align_seqcap_align - WARNING - DROPPED locus uce-185. Too few taxa (N < 3).
2024-09-25 12:40:47,930 - phyluce_align_seqcap_align - WARNING - DROPPED locus uce-103. Too few taxa (N < 3).
2024-09-25 12:40:47,930 - phyluce_align_seqcap_align - WARNING - DROPPED locus uce-424. Too few taxa (N < 3).
2024-09-25 12:40:47,930 - phyluce_align_seqcap_align - WARNING - DROPPED locus uce-240. Too few taxa (N < 3).
2024-09-25 12:40:47,930 - phyluce_align_seqcap_align - WARNING - DROPPED locus uce-276. Too few taxa (N < 3).
2024-09-25 12:40:47,930 - phyluce_align_seqcap_align - WARNING - DROPPED locus uce-1060. Too few taxa (N < 3).
2024-09-25 12:40:47,930 - phyluce_align_seqcap_align - WARNING - DROPPED locus uce-721. Too few taxa (N < 3).
2024-09-25 12:40:47,930 - phyluce_align_seqcap_align - WARNING - DROPPED locus uce-107. Too few taxa (N < 3).
2024-09-25 12:40:47,931 - phyluce_align_seqcap_align - WARNING - DROPPED locus uce-373. Too few taxa (N < 3).
2024-09-25 12:40:47,931 - phyluce_align_seqcap_align - WARNING - DROPPED locus uce-656. Too few taxa (N < 3).
2024-09-25 12:40:47,931 - phyluce_align_seqcap_align - WARNING - DROPPED locus uce-604. Too few taxa (N < 3).
2024-09-25 12:40:47,931 - phyluce_align_seqcap_align - WARNING - DROPPED locus uce-1050. Too few taxa (N < 3).
2024-09-25 12:40:47,931 - phyluce_align_seqcap_align - WARNING - DROPPED locus uce-469. Too few taxa (N < 3).
2024-09-25 12:40:47,931 - phyluce_align_seqcap_align - WARNING - DROPPED locus uce-815. Too few taxa (N < 3).
2024-09-25 12:40:47,931 - phyluce_align_seqcap_align - WARNING - DROPPED locus uce-41. Too few taxa (N < 3).
2024-09-25 12:40:47,931 - phyluce_align_seqcap_align - WARNING - DROPPED locus uce-998. Too few taxa (N < 3).
2024-09-25 12:40:47,931 - phyluce_align_seqcap_align - WARNING - DROPPED locus uce-333. Too few taxa (N < 3).
2024-09-25 12:40:47,931 - phyluce_align_seqcap_align - WARNING - DROPPED locus uce-751. Too few taxa (N < 3).
2024-09-25 12:40:47,931 - phyluce_align_seqcap_align - WARNING - DROPPED locus uce-307. Too few taxa (N < 3).
2024-09-25 12:40:47,931 - phyluce_align_seqcap_align - WARNING - DROPPED locus uce-166. Too few taxa (N < 3).
2024-09-25 12:40:47,931 - phyluce_align_seqcap_align - WARNING - DROPPED locus uce-418. Too few taxa (N < 3).
2024-09-25 12:40:47,931 - phyluce_align_seqcap_align - WARNING - DROPPED locus uce-868. Too few taxa (N < 3).
2024-09-25 12:40:47,931 - phyluce_align_seqcap_align - WARNING - DROPPED locus uce-756. Too few taxa (N < 3).
2024-09-25 12:40:47,931 - phyluce_align_seqcap_align - WARNING - DROPPED locus uce-820. Too few taxa (N < 3).
2024-09-25 12:40:47,931 - phyluce_align_seqcap_align - WARNING - DROPPED locus uce-332. Too few taxa (N < 3).
2024-09-25 12:40:47,931 - phyluce_align_seqcap_align - WARNING - DROPPED locus uce-559. Too few taxa (N < 3).
2024-09-25 12:40:47,931 - phyluce_align_seqcap_align - WARNING - DROPPED locus uce-642. Too few taxa (N < 3).
2024-09-25 12:40:47,931 - phyluce_align_seqcap_align - WARNING - DROPPED locus uce-382. Too few taxa (N < 3).
2024-09-25 12:40:47,931 - phyluce_align_seqcap_align - WARNING - DROPPED locus uce-680. Too few taxa (N < 3).
2024-09-25 12:40:47,931 - phyluce_align_seqcap_align - WARNING - DROPPED locus uce-851. Too few taxa (N < 3).
2024-09-25 12:40:47,931 - phyluce_align_seqcap_align - WARNING - DROPPED locus uce-707. Too few taxa (N < 3).
2024-09-25 12:40:47,931 - phyluce_align_seqcap_align - WARNING - DROPPED locus uce-1042. Too few taxa (N < 3).
2024-09-25 12:40:47,931 - phyluce_align_seqcap_align - WARNING - DROPPED locus uce-302. Too few taxa (N < 3).
2024-09-25 12:40:47,931 - phyluce_align_seqcap_align - WARNING - DROPPED locus uce-828. Too few taxa (N < 3).
2024-09-25 12:40:47,931 - phyluce_align_seqcap_align - WARNING - DROPPED locus uce-478. Too few taxa (N < 3).
2024-09-25 12:40:47,931 - phyluce_align_seqcap_align - WARNING - DROPPED locus uce-538. Too few taxa (N < 3).
2024-09-25 12:40:47,931 - phyluce_align_seqcap_align - WARNING - DROPPED locus uce-699. Too few taxa (N < 3).
2024-09-25 12:40:47,931 - phyluce_align_seqcap_align - WARNING - DROPPED locus uce-278. Too few taxa (N < 3).
2024-09-25 12:40:47,933 - phyluce_align_seqcap_align - INFO - Aligning with MAFFT
2024-09-25 12:40:47,933 - phyluce_align_seqcap_align - INFO - Alignment begins. 'X' indicates dropped alignments (these are reported after alignment)
2024-09-25 12:41:37,938 - phyluce_align_seqcap_align - INFO - Alignment ends
2024-09-25 12:41:37,940 - phyluce_align_seqcap_align - INFO - Writing output files
2024-09-25 12:41:38,171 - phyluce_align_seqcap_align - WARNING - DROPPED uce-190 from output
2024-09-25 12:41:38,311 - phyluce_align_seqcap_align - WARNING - DROPPED uce-44 from output
2024-09-25 12:41:38,322 - phyluce_align_seqcap_align - WARNING - DROPPED uce-336 from output
2024-09-25 12:41:38,331 - phyluce_align_seqcap_align - WARNING - DROPPED uce-132 from output
2024-09-25 12:41:38,372 - phyluce_align_seqcap_align - WARNING - DROPPED uce-71 from output
2024-09-25 12:41:38,414 - phyluce_align_seqcap_align - WARNING - DROPPED uce-204 from output
2024-09-25 12:41:38,896 - phyluce_align_seqcap_align - WARNING - DROPPED uce-814 from output
2024-09-25 12:41:38,969 - phyluce_align_seqcap_align - INFO - ============== Completed phyluce_align_seqcap_align =============
