2024-09-25 12:41:39,393 - phyluce_align_get_align_summary_data - INFO - ========= Starting phyluce_align_get_align_summary_data =========
2024-09-25 12:41:39,394 - phyluce_align_get_align_summary_data - INFO - Version: 1.7.1
2024-09-25 12:41:39,394 - phyluce_align_get_align_summary_data - INFO - Commit: None
2024-09-25 12:41:39,394 - phyluce_align_get_align_summary_data - INFO - Argument --alignments: /project/ermoore3/basalAsteraceae/barnadesioideae/taxon-set-all/mafft-nexus-trimmed
2024-09-25 12:41:39,394 - phyluce_align_get_align_summary_data - INFO - Argument --cores: 4
2024-09-25 12:41:39,394 - phyluce_align_get_align_summary_data - INFO - Argument --input_format: nexus
2024-09-25 12:41:39,394 - phyluce_align_get_align_summary_data - INFO - Argument --log_path: /project/ermoore3/basalAsteraceae/barnadesioideae/log
2024-09-25 12:41:39,395 - phyluce_align_get_align_summary_data - INFO - Argument --output: None
2024-09-25 12:41:39,395 - phyluce_align_get_align_summary_data - INFO - Argument --show_taxon_counts: False
2024-09-25 12:41:39,395 - phyluce_align_get_align_summary_data - INFO - Argument --verbosity: INFO
2024-09-25 12:41:39,395 - phyluce_align_get_align_summary_data - INFO - Getting alignment files
2024-09-25 12:41:39,396 - phyluce_align_get_align_summary_data - INFO - Computing summary statistics using 4 cores
2024-09-25 12:41:40,589 - phyluce_align_get_align_summary_data - INFO - ----------------------- Alignment summary -----------------------
2024-09-25 12:41:40,589 - phyluce_align_get_align_summary_data - INFO - [Alignments] loci:	551
2024-09-25 12:41:40,589 - phyluce_align_get_align_summary_data - INFO - [Alignments] length:	345,496
2024-09-25 12:41:40,589 - phyluce_align_get_align_summary_data - INFO - [Alignments] mean:	627.03
2024-09-25 12:41:40,589 - phyluce_align_get_align_summary_data - INFO - [Alignments] 95% CI:	27.23
2024-09-25 12:41:40,589 - phyluce_align_get_align_summary_data - INFO - [Alignments] min:	130
2024-09-25 12:41:40,589 - phyluce_align_get_align_summary_data - INFO - [Alignments] max:	2,237
2024-09-25 12:41:40,590 - phyluce_align_get_align_summary_data - INFO - ------------------- Informative Sites summary -------------------
2024-09-25 12:41:40,590 - phyluce_align_get_align_summary_data - INFO - [Sites] loci:	551
2024-09-25 12:41:40,590 - phyluce_align_get_align_summary_data - INFO - [Sites] total:	17,894
2024-09-25 12:41:40,590 - phyluce_align_get_align_summary_data - INFO - [Sites] mean:	32.48
2024-09-25 12:41:40,590 - phyluce_align_get_align_summary_data - INFO - [Sites] 95% CI:	2.54
2024-09-25 12:41:40,590 - phyluce_align_get_align_summary_data - INFO - [Sites] min:	0
2024-09-25 12:41:40,590 - phyluce_align_get_align_summary_data - INFO - [Sites] max:	149
2024-09-25 12:41:40,590 - phyluce_align_get_align_summary_data - INFO - ------------------------- Taxon summary -------------------------
2024-09-25 12:41:40,590 - phyluce_align_get_align_summary_data - INFO - [Taxa] mean:		4.91
2024-09-25 12:41:40,590 - phyluce_align_get_align_summary_data - INFO - [Taxa] 95% CI:	0.13
2024-09-25 12:41:40,590 - phyluce_align_get_align_summary_data - INFO - [Taxa] min:		3
2024-09-25 12:41:40,590 - phyluce_align_get_align_summary_data - INFO - [Taxa] max:		9
2024-09-25 12:41:40,591 - phyluce_align_get_align_summary_data - INFO - ----------------- Missing data from trim summary ----------------
2024-09-25 12:41:40,591 - phyluce_align_get_align_summary_data - INFO - [Missing] mean:	8.22
2024-09-25 12:41:40,591 - phyluce_align_get_align_summary_data - INFO - [Missing] 95% CI:	0.49
2024-09-25 12:41:40,591 - phyluce_align_get_align_summary_data - INFO - [Missing] min:	0.00
2024-09-25 12:41:40,591 - phyluce_align_get_align_summary_data - INFO - [Missing] max:	32.18
2024-09-25 12:41:40,593 - phyluce_align_get_align_summary_data - INFO - -------------------- Character count summary --------------------
2024-09-25 12:41:40,593 - phyluce_align_get_align_summary_data - INFO - [All characters]	1,646,002
2024-09-25 12:41:40,593 - phyluce_align_get_align_summary_data - INFO - [Nucleotides]		1,291,713
2024-09-25 12:41:40,593 - phyluce_align_get_align_summary_data - INFO - ---------------- Data matrix completeness summary ---------------
2024-09-25 12:41:40,593 - phyluce_align_get_align_summary_data - INFO - [Matrix 50%]		302 alignments
2024-09-25 12:41:40,593 - phyluce_align_get_align_summary_data - INFO - [Matrix 55%]		302 alignments
2024-09-25 12:41:40,595 - phyluce_align_get_align_summary_data - INFO - [Matrix 60%]		197 alignments
2024-09-25 12:41:40,595 - phyluce_align_get_align_summary_data - INFO - [Matrix 65%]		197 alignments
2024-09-25 12:41:40,595 - phyluce_align_get_align_summary_data - INFO - [Matrix 70%]		95 alignments
2024-09-25 12:41:40,595 - phyluce_align_get_align_summary_data - INFO - [Matrix 75%]		95 alignments
2024-09-25 12:41:40,595 - phyluce_align_get_align_summary_data - INFO - [Matrix 80%]		34 alignments
2024-09-25 12:41:40,595 - phyluce_align_get_align_summary_data - INFO - [Matrix 85%]		34 alignments
2024-09-25 12:41:40,595 - phyluce_align_get_align_summary_data - INFO - [Matrix 90%]		5 alignments
2024-09-25 12:41:40,595 - phyluce_align_get_align_summary_data - INFO - [Matrix 95%]		5 alignments
2024-09-25 12:41:40,595 - phyluce_align_get_align_summary_data - INFO - ------------------------ Character counts -----------------------
2024-09-25 12:41:40,595 - phyluce_align_get_align_summary_data - INFO - [Characters] '-' is present 208,366 times
2024-09-25 12:41:40,595 - phyluce_align_get_align_summary_data - INFO - [Characters] '?' is present 145,923 times
2024-09-25 12:41:40,595 - phyluce_align_get_align_summary_data - INFO - [Characters] 'A' is present 356,646 times
2024-09-25 12:41:40,595 - phyluce_align_get_align_summary_data - INFO - [Characters] 'C' is present 248,316 times
2024-09-25 12:41:40,595 - phyluce_align_get_align_summary_data - INFO - [Characters] 'G' is present 299,348 times
2024-09-25 12:41:40,595 - phyluce_align_get_align_summary_data - INFO - [Characters] 'T' is present 387,403 times
2024-09-25 12:41:40,595 - phyluce_align_get_align_summary_data - INFO - ========= Completed phyluce_align_get_align_summary_data ========
